<?xml version="1.0" encoding="UTF-8"?>
<testng-results ignored="0" total="1" passed="1" failed="0" skipped="0">
  <reporter-output>
    <line>
      <![CDATA[Setting up reports and Test is getting ready]]>
    </line>
    <line>
      <![CDATA[Setting Done- Test can be Started]]>
    </line>
    <line>
      <![CDATA[Trying to start Browser and getting Application ready.]]>
    </line>
    <line>
      <![CDATA[Browser and Application is up and running.]]>
    </line>
    <line>
      <![CDATA[Test is about to End]]>
    </line>
    <line>
      <![CDATA[Test Completed>>> Reports Generated.]]>
    </line>
  </reporter-output>
  <suite started-at="2022-11-18T12:11:25 IST" name="Default suite" finished-at="2022-11-18T12:12:17 IST" duration-ms="51574">
    <groups>
    </groups>
    <test started-at="2022-11-18T12:11:25 IST" name="Default test" finished-at="2022-11-18T12:12:17 IST" duration-ms="51574">
      <class name="com.testPages.PhotoTest">
        <test-method is-config="true" signature="setUpSuite()[pri:0, instance:com.testPages.PhotoTest@7f3b84b8]" started-at="2022-11-18T12:11:25 IST" name="setUpSuite" finished-at="2022-11-18T12:11:25 IST" duration-ms="553" status="PASS">
          <reporter-output>
            <line>
              <![CDATA[Setting up reports and Test is getting ready]]>
            </line>
            <line>
              <![CDATA[Setting Done- Test can be Started]]>
            </line>
          </reporter-output>
        </test-method> <!-- setUpSuite -->
        <test-method is-config="true" signature="setup()[pri:0, instance:com.testPages.PhotoTest@7f3b84b8]" started-at="2022-11-18T12:11:25 IST" name="setup" finished-at="2022-11-18T12:11:54 IST" duration-ms="28637" status="PASS">
          <reporter-output>
            <line>
              <![CDATA[Trying to start Browser and getting Application ready.]]>
            </line>
            <line>
              <![CDATA[Browser and Application is up and running.]]>
            </line>
          </reporter-output>
        </test-method> <!-- setup -->
        <test-method signature="Home()[pri:0, instance:com.testPages.PhotoTest@7f3b84b8]" started-at="2022-11-18T12:11:54 IST" name="Home" finished-at="2022-11-18T12:12:15 IST" duration-ms="20707" status="PASS">
          <reporter-output>
          </reporter-output>
        </test-method> <!-- Home -->
        <test-method is-config="true" signature="tearDownMethod(org.testng.ITestResult)[pri:0, instance:com.testPages.PhotoTest@7f3b84b8]" started-at="2022-11-18T12:12:15 IST" name="tearDownMethod" finished-at="2022-11-18T12:12:16 IST" duration-ms="1694" status="PASS">
          <params>
            <param index="0">
              <value>
                <![CDATA[[TestResult name=Home status=SUCCESS method=PhotoTest.Home()[pri:0, instance:com.testPages.PhotoTest@7f3b84b8] output={null}]]]>
              </value>
            </param>
          </params>
          <reporter-output>
            <line>
              <![CDATA[Test is about to End]]>
            </line>
            <line>
              <![CDATA[Test Completed>>> Reports Generated.]]>
            </line>
          </reporter-output>
        </test-method> <!-- tearDownMethod -->
        <test-method is-config="true" signature="tearDown()[pri:0, instance:com.testPages.PhotoTest@7f3b84b8]" started-at="2022-11-18T12:12:16 IST" name="tearDown" finished-at="2022-11-18T12:12:17 IST" duration-ms="452" status="PASS">
          <reporter-output>
          </reporter-output>
        </test-method> <!-- tearDown -->
      </class> <!-- com.testPages.PhotoTest -->
    </test> <!-- Default test -->
  </suite> <!-- Default suite -->
</testng-results>
